<?xml version="1.0" encoding="UTF-8"?>
<!-- Generated by org.testng.reporters.JUnitReportReporter -->
<testsuite hostname="DESKTOP-0BH1UMI" failures="0" tests="1" name="com.ebay.tests.EbayScenario1Test" time="14.862" errors="0" timestamp="2023-12-09T00:05:51 IST" skipped="0">
  <testcase classname="com.ebay.tests.EbayScenario1Test" name="AccessaProductviacategorySearch" time="14.862"/>
  <system-out/>
</testsuite> <!-- com.ebay.tests.EbayScenario1Test -->
