<?xml version="1.0" encoding="UTF-8"?>
<!-- Generated by org.testng.reporters.JUnitReportReporter -->
<testsuite hostname="DESKTOP-0BH1UMI" failures="0" tests="1" name="com.ebay.tests.EbayScenario2Test" time="7.816" errors="0" timestamp="2023-12-08T18:11:54 IST" skipped="0">
  <testcase classname="com.ebay.tests.EbayScenario2Test" name="AccessaProductviaSearch" time="7.816"/>
  <system-out/>
</testsuite> <!-- com.ebay.tests.EbayScenario2Test -->
